This file contains any messages produced by compilers while
running configure, to aid debugging if configure makes a mistake.

It was created by sdl-arkanoid configure 0.1, which was
generated by GNU Autoconf 2.61.  Invocation command line was

  $ ./configure --enable-maintainer-mode --no-create --no-recursion

## --------- ##
## Platform. ##
## --------- ##

hostname = shad
uname -m = i686
uname -r = 2.6.22-14-generic
uname -s = Linux
uname -v = #1 SMP Sun Oct 14 23:05:12 GMT 2007

/usr/bin/uname -p = unknown
/bin/uname -X     = unknown

/bin/arch              = unknown
/usr/bin/arch -k       = unknown
/usr/convex/getsysinfo = unknown
/usr/bin/hostinfo      = unknown
/bin/machine           = unknown
/usr/bin/oslevel       = unknown
/bin/universe          = unknown

PATH: /usr/local/sbin
PATH: /usr/local/bin
PATH: /usr/sbin
PATH: /usr/bin
PATH: /sbin
PATH: /bin
PATH: /usr/games


## ----------- ##
## Core tests. ##
## ----------- ##

configure:2041: checking for a BSD-compatible install
configure:2097: result: /usr/bin/install -c
configure:2108: checking whether build environment is sane
configure:2151: result: yes
configure:2216: checking for gawk
configure:2246: result: no
configure:2216: checking for mawk
configure:2232: found /usr/bin/mawk
configure:2243: result: mawk
configure:2254: checking whether make sets $(MAKE)
configure:2275: result: yes
configure:2461: checking whether to enable maintainer-specific portions of Makefiles
configure:2470: result: yes
configure:2498: checking for style of include used by make
configure:2526: result: GNU
configure:2599: checking for gcc
configure:2615: found /usr/bin/gcc
configure:2626: result: gcc
configure:2864: checking for C compiler version
configure:2871: gcc --version >&5
gcc (GCC) 4.1.3 20070929 (prerelease) (Ubuntu 4.1.2-16ubuntu2)
Copyright (C) 2006 Free Software Foundation, Inc.
This is free software; see the source for copying conditions.  There is NO
warranty; not even for MERCHANTABILITY or FITNESS FOR A PARTICULAR PURPOSE.

configure:2874: $? = 0
configure:2881: gcc -v >&5
Using built-in specs.
Target: i486-linux-gnu
Configured with: ../src/configure -v --enable-languages=c,c++,fortran,objc,obj-c++,treelang --prefix=/usr --enable-shared --with-system-zlib --libexecdir=/usr/lib --without-included-gettext --enable-threads=posix --enable-nls --with-gxx-include-dir=/usr/include/c++/4.1.3 --program-suffix=-4.1 --enable-__cxa_atexit --enable-clocale=gnu --enable-libstdcxx-debug --enable-mpfr --enable-checking=release i486-linux-gnu
Thread model: posix
gcc version 4.1.3 20070929 (prerelease) (Ubuntu 4.1.2-16ubuntu2)
configure:2884: $? = 0
configure:2891: gcc -V >&5
gcc: '-V' option must have argument
configure:2894: $? = 1
configure:2917: checking for C compiler default output file name
configure:2944: gcc    conftest.c  >&5
configure:2947: $? = 0
configure:2985: result: a.out
configure:3002: checking whether the C compiler works
configure:3012: ./a.out
configure:3015: $? = 0
configure:3032: result: yes
configure:3039: checking whether we are cross compiling
configure:3041: result: no
configure:3044: checking for suffix of executables
configure:3051: gcc -o conftest    conftest.c  >&5
configure:3054: $? = 0
configure:3078: result: 
configure:3084: checking for suffix of object files
configure:3110: gcc -c   conftest.c >&5
configure:3113: $? = 0
configure:3136: result: o
configure:3140: checking whether we are using the GNU C compiler
configure:3169: gcc -c   conftest.c >&5
configure:3175: $? = 0
configure:3192: result: yes
configure:3197: checking whether gcc accepts -g
configure:3227: gcc -c -g  conftest.c >&5
configure:3233: $? = 0
configure:3332: result: yes
configure:3349: checking for gcc option to accept ISO C89
configure:3423: gcc  -c -g -O2  conftest.c >&5
configure:3429: $? = 0
configure:3452: result: none needed
configure:3472: checking dependency style of gcc
configure:3562: result: gcc3
configure:3580: checking for library containing strerror
configure:3621: gcc -o conftest -g -O2   conftest.c  >&5
configure:3627: $? = 0
configure:3655: result: none required
configure:3711: checking for gcc
configure:3738: result: gcc
configure:3976: checking for C compiler version
configure:3983: gcc --version >&5
gcc (GCC) 4.1.3 20070929 (prerelease) (Ubuntu 4.1.2-16ubuntu2)
Copyright (C) 2006 Free Software Foundation, Inc.
This is free software; see the source for copying conditions.  There is NO
warranty; not even for MERCHANTABILITY or FITNESS FOR A PARTICULAR PURPOSE.

configure:3986: $? = 0
configure:3993: gcc -v >&5
Using built-in specs.
Target: i486-linux-gnu
Configured with: ../src/configure -v --enable-languages=c,c++,fortran,objc,obj-c++,treelang --prefix=/usr --enable-shared --with-system-zlib --libexecdir=/usr/lib --without-included-gettext --enable-threads=posix --enable-nls --with-gxx-include-dir=/usr/include/c++/4.1.3 --program-suffix=-4.1 --enable-__cxa_atexit --enable-clocale=gnu --enable-libstdcxx-debug --enable-mpfr --enable-checking=release i486-linux-gnu
Thread model: posix
gcc version 4.1.3 20070929 (prerelease) (Ubuntu 4.1.2-16ubuntu2)
configure:3996: $? = 0
configure:4003: gcc -V >&5
gcc: '-V' option must have argument
configure:4006: $? = 1
configure:4009: checking whether we are using the GNU C compiler
configure:4061: result: yes
configure:4066: checking whether gcc accepts -g
configure:4201: result: yes
configure:4218: checking for gcc option to accept ISO C89
configure:4321: result: none needed
configure:4341: checking dependency style of gcc
configure:4431: result: gcc3
configure:4496: checking for gcc
configure:4523: result: gcc
configure:4761: checking for C compiler version
configure:4768: gcc --version >&5
gcc (GCC) 4.1.3 20070929 (prerelease) (Ubuntu 4.1.2-16ubuntu2)
Copyright (C) 2006 Free Software Foundation, Inc.
This is free software; see the source for copying conditions.  There is NO
warranty; not even for MERCHANTABILITY or FITNESS FOR A PARTICULAR PURPOSE.

configure:4771: $? = 0
configure:4778: gcc -v >&5
Using built-in specs.
Target: i486-linux-gnu
Configured with: ../src/configure -v --enable-languages=c,c++,fortran,objc,obj-c++,treelang --prefix=/usr --enable-shared --with-system-zlib --libexecdir=/usr/lib --without-included-gettext --enable-threads=posix --enable-nls --with-gxx-include-dir=/usr/include/c++/4.1.3 --program-suffix=-4.1 --enable-__cxa_atexit --enable-clocale=gnu --enable-libstdcxx-debug --enable-mpfr --enable-checking=release i486-linux-gnu
Thread model: posix
gcc version 4.1.3 20070929 (prerelease) (Ubuntu 4.1.2-16ubuntu2)
configure:4781: $? = 0
configure:4788: gcc -V >&5
gcc: '-V' option must have argument
configure:4791: $? = 1
configure:4794: checking whether we are using the GNU C compiler
configure:4846: result: yes
configure:4851: checking whether gcc accepts -g
configure:4986: result: yes
configure:5003: checking for gcc option to accept ISO C89
configure:5106: result: none needed
configure:5126: checking dependency style of gcc
configure:5216: result: gcc3
configure:5241: checking how to run the C preprocessor
configure:5281: gcc -E  conftest.c
configure:5287: $? = 0
configure:5318: gcc -E  conftest.c
conftest.c:10:28: error: ac_nonexistent.h: No such file or directory
configure:5324: $? = 1
configure: failed program was:
| /* confdefs.h.  */
| #define PACKAGE_NAME "sdl-arkanoid"
| #define PACKAGE_TARNAME "sdl-arkanoid"
| #define PACKAGE_VERSION "0.1"
| #define PACKAGE_STRING "sdl-arkanoid 0.1"
| #define PACKAGE_BUGREPORT ""
| #define PACKAGE "sdl-arkanoid"
| #define VERSION "0.1"
| /* end confdefs.h.  */
| #include <ac_nonexistent.h>
configure:5357: result: gcc -E
configure:5386: gcc -E  conftest.c
configure:5392: $? = 0
configure:5423: gcc -E  conftest.c
conftest.c:10:28: error: ac_nonexistent.h: No such file or directory
configure:5429: $? = 1
configure: failed program was:
| /* confdefs.h.  */
| #define PACKAGE_NAME "sdl-arkanoid"
| #define PACKAGE_TARNAME "sdl-arkanoid"
| #define PACKAGE_VERSION "0.1"
| #define PACKAGE_STRING "sdl-arkanoid 0.1"
| #define PACKAGE_BUGREPORT ""
| #define PACKAGE "sdl-arkanoid"
| #define VERSION "0.1"
| /* end confdefs.h.  */
| #include <ac_nonexistent.h>
configure:5467: checking for grep that handles long lines and -e
configure:5541: result: /bin/grep
configure:5546: checking for egrep
configure:5624: result: /bin/grep -E
configure:5629: checking for ANSI C header files
configure:5659: gcc -c -g -O2  conftest.c >&5
configure:5665: $? = 0
configure:5764: gcc -o conftest -g -O2   conftest.c  >&5
configure:5767: $? = 0
configure:5773: ./conftest
configure:5776: $? = 0
configure:5793: result: yes
configure:5803: checking for X
configure:5973: gcc -o conftest -g -O2   conftest.c -lX11  >&5
configure:5979: $? = 0
configure:6038: result: libraries , headers 
configure:6199: gcc -o conftest -g -O2   conftest.c   -lX11 >&5
configure:6205: $? = 0
configure:6362: checking for gethostbyname
configure:6418: gcc -o conftest -g -O2   conftest.c  >&5
configure:6424: $? = 0
configure:6441: result: yes
configure:6586: checking for connect
configure:6642: gcc -o conftest -g -O2   conftest.c  >&5
configure:6648: $? = 0
configure:6665: result: yes
configure:6737: checking for remove
configure:6793: gcc -o conftest -g -O2   conftest.c  >&5
configure:6799: $? = 0
configure:6816: result: yes
configure:6888: checking for shmat
configure:6944: gcc -o conftest -g -O2   conftest.c  >&5
configure:6950: $? = 0
configure:6967: result: yes
configure:7048: checking for IceConnectionNumber in -lICE
configure:7083: gcc -o conftest -g -O2   conftest.c -lICE   >&5
/usr/bin/ld: cannot find -lICE
collect2: ld returned 1 exit status
configure:7089: $? = 1
configure: failed program was:
| /* confdefs.h.  */
| #define PACKAGE_NAME "sdl-arkanoid"
| #define PACKAGE_TARNAME "sdl-arkanoid"
| #define PACKAGE_VERSION "0.1"
| #define PACKAGE_STRING "sdl-arkanoid 0.1"
| #define PACKAGE_BUGREPORT ""
| #define PACKAGE "sdl-arkanoid"
| #define VERSION "0.1"
| #define STDC_HEADERS 1
| /* end confdefs.h.  */
| 
| /* Override any GCC internal prototype to avoid an error.
|    Use char because int might match the return type of a GCC
|    builtin and then its argument prototype would still apply.  */
| #ifdef __cplusplus
| extern "C"
| #endif
| char IceConnectionNumber ();
| int
| main ()
| {
| return IceConnectionNumber ();
|   ;
|   return 0;
| }
configure:7107: result: no
configure:7142: checking for sys/types.h
configure:7163: gcc -c -g -O2  conftest.c >&5
configure:7169: $? = 0
configure:7185: result: yes
configure:7142: checking for sys/stat.h
configure:7163: gcc -c -g -O2  conftest.c >&5
configure:7169: $? = 0
configure:7185: result: yes
configure:7142: checking for stdlib.h
configure:7163: gcc -c -g -O2  conftest.c >&5
configure:7169: $? = 0
configure:7185: result: yes
configure:7142: checking for string.h
configure:7163: gcc -c -g -O2  conftest.c >&5
configure:7169: $? = 0
configure:7185: result: yes
configure:7142: checking for memory.h
configure:7163: gcc -c -g -O2  conftest.c >&5
configure:7169: $? = 0
configure:7185: result: yes
configure:7142: checking for strings.h
configure:7163: gcc -c -g -O2  conftest.c >&5
configure:7169: $? = 0
configure:7185: result: yes
configure:7142: checking for inttypes.h
configure:7163: gcc -c -g -O2  conftest.c >&5
configure:7169: $? = 0
configure:7185: result: yes
configure:7142: checking for stdint.h
configure:7163: gcc -c -g -O2  conftest.c >&5
configure:7169: $? = 0
configure:7185: result: yes
configure:7142: checking for unistd.h
configure:7163: gcc -c -g -O2  conftest.c >&5
configure:7169: $? = 0
configure:7185: result: yes
configure:7203: checking build system type
configure:7221: result: i686-pc-linux-gnu
configure:7243: checking host system type
configure:7258: result: i686-pc-linux-gnu
configure:7296: checking locale.h usability
configure:7313: gcc -c -g -O2  conftest.c >&5
configure:7319: $? = 0
configure:7333: result: yes
configure:7337: checking locale.h presence
configure:7352: gcc -E  conftest.c
configure:7358: $? = 0
configure:7372: result: yes
configure:7400: checking for locale.h
configure:7408: result: yes
configure:7422: checking for LC_MESSAGES
configure:7448: gcc -o conftest -g -O2   conftest.c  >&5
configure:7454: $? = 0
configure:7471: result: yes
configure:7500: checking libintl.h usability
configure:7517: gcc -c -g -O2  conftest.c >&5
configure:7523: $? = 0
configure:7537: result: yes
configure:7541: checking libintl.h presence
configure:7556: gcc -E  conftest.c
configure:7562: $? = 0
configure:7576: result: yes
configure:7604: checking for libintl.h
configure:7611: result: yes
configure:7622: checking for ngettext in libc
configure:7650: gcc -o conftest -g -O2   conftest.c  >&5
configure:7656: $? = 0
configure:7674: result: yes
configure:7678: checking for dgettext in libc
configure:7706: gcc -o conftest -g -O2   conftest.c  >&5
configure:7712: $? = 0
configure:7730: result: yes
configure:7739: checking for bind_textdomain_codeset
configure:7795: gcc -o conftest -g -O2   conftest.c  >&5
configure:7801: $? = 0
configure:7819: result: yes
configure:8306: checking for msgfmt
configure:8333: result: /usr/bin/msgfmt
configure:8346: checking for dcgettext
configure:8402: gcc -o conftest -g -O2   conftest.c   >&5
conftest.c:48: warning: conflicting types for built-in function 'dcgettext'
configure:8408: $? = 0
configure:8426: result: yes
configure:8437: checking if msgfmt accepts -c
configure:8452: $MSGFMT -c -o /dev/null conftest.foo
configure:8455: $? = 0
configure:8457: result: yes
configure:8467: checking for gmsgfmt
configure:8498: result: /usr/bin/msgfmt
configure:8508: checking for xgettext
configure:8535: result: /usr/bin/xgettext
configure:8564: gcc -o conftest -g -O2   conftest.c   >&5
configure:8570: $? = 0
configure:8808: checking for intltool >= 0.35.0
configure:8815: result: 0.36.2 found
configure:8873: checking for perl
configure:8891: found /usr/bin/perl
configure:8903: result: /usr/bin/perl
configure:8922: checking for XML::Parser
configure:8925: result: ok
configure:9161: checking for a sed that does not truncate output
configure:9217: result: /bin/sed
configure:9231: checking for ld used by gcc
configure:9298: result: /usr/bin/ld
configure:9307: checking if the linker (/usr/bin/ld) is GNU ld
configure:9322: result: yes
configure:9327: checking for /usr/bin/ld option to reload object files
configure:9334: result: -r
configure:9352: checking for BSD-compatible nm
configure:9401: result: /usr/bin/nm -B
configure:9405: checking whether ln -s works
configure:9409: result: yes
configure:9416: checking how to recognize dependent libraries
configure:9602: result: pass_all
configure:9852: checking dlfcn.h usability
configure:9869: gcc -c -g -O2  conftest.c >&5
configure:9875: $? = 0
configure:9889: result: yes
configure:9893: checking dlfcn.h presence
configure:9908: gcc -E  conftest.c
configure:9914: $? = 0
configure:9928: result: yes
configure:9956: checking for dlfcn.h
configure:9964: result: yes
configure:10035: checking for g++
configure:10065: result: no
configure:10035: checking for c++
configure:10065: result: no
configure:10035: checking for gpp
configure:10065: result: no
configure:10035: checking for aCC
configure:10065: result: no
configure:10035: checking for CC
configure:10065: result: no
configure:10035: checking for cxx
configure:10065: result: no
configure:10035: checking for cc++
configure:10065: result: no
configure:10035: checking for cl.exe
configure:10065: result: no
configure:10035: checking for FCC
configure:10065: result: no
configure:10035: checking for KCC
configure:10065: result: no
configure:10035: checking for RCC
configure:10065: result: no
configure:10035: checking for xlC_r
configure:10065: result: no
configure:10035: checking for xlC
configure:10065: result: no
configure:10093: checking for C++ compiler version
configure:10100: g++ --version >&5
./configure: line 10101: g++: command not found
configure:10103: $? = 127
configure:10110: g++ -v >&5
./configure: line 10111: g++: command not found
configure:10113: $? = 127
configure:10120: g++ -V >&5
./configure: line 10121: g++: command not found
configure:10123: $? = 127
configure:10126: checking whether we are using the GNU C++ compiler
configure:10155: g++ -c   conftest.cpp >&5
./configure: line 10156: g++: command not found
configure:10161: $? = 127
configure: failed program was:
| /* confdefs.h.  */
| #define PACKAGE_NAME "sdl-arkanoid"
| #define PACKAGE_TARNAME "sdl-arkanoid"
| #define PACKAGE_VERSION "0.1"
| #define PACKAGE_STRING "sdl-arkanoid 0.1"
| #define PACKAGE_BUGREPORT ""
| #define PACKAGE "sdl-arkanoid"
| #define VERSION "0.1"
| #define STDC_HEADERS 1
| #define GETTEXT_PACKAGE "sdl-arkanoid"
| #define HAVE_SYS_TYPES_H 1
| #define HAVE_SYS_STAT_H 1
| #define HAVE_STDLIB_H 1
| #define HAVE_STRING_H 1
| #define HAVE_MEMORY_H 1
| #define HAVE_STRINGS_H 1
| #define HAVE_INTTYPES_H 1
| #define HAVE_STDINT_H 1
| #define HAVE_UNISTD_H 1
| #define HAVE_LOCALE_H 1
| #define HAVE_LC_MESSAGES 1
| #define HAVE_BIND_TEXTDOMAIN_CODESET 1
| #define HAVE_GETTEXT 1
| #define HAVE_DCGETTEXT 1
| #define ENABLE_NLS 1
| #define HAVE_DLFCN_H 1
| /* end confdefs.h.  */
| 
| int
| main ()
| {
| #ifndef __GNUC__
|        choke me
| #endif
| 
|   ;
|   return 0;
| }
configure:10178: result: no
configure:10183: checking whether g++ accepts -g
configure:10213: g++ -c -g  conftest.cpp >&5
./configure: line 10214: g++: command not found
configure:10219: $? = 127
configure: failed program was:
| /* confdefs.h.  */
| #define PACKAGE_NAME "sdl-arkanoid"
| #define PACKAGE_TARNAME "sdl-arkanoid"
| #define PACKAGE_VERSION "0.1"
| #define PACKAGE_STRING "sdl-arkanoid 0.1"
| #define PACKAGE_BUGREPORT ""
| #define PACKAGE "sdl-arkanoid"
| #define VERSION "0.1"
| #define STDC_HEADERS 1
| #define GETTEXT_PACKAGE "sdl-arkanoid"
| #define HAVE_SYS_TYPES_H 1
| #define HAVE_SYS_STAT_H 1
| #define HAVE_STDLIB_H 1
| #define HAVE_STRING_H 1
| #define HAVE_MEMORY_H 1
| #define HAVE_STRINGS_H 1
| #define HAVE_INTTYPES_H 1
| #define HAVE_STDINT_H 1
| #define HAVE_UNISTD_H 1
| #define HAVE_LOCALE_H 1
| #define HAVE_LC_MESSAGES 1
| #define HAVE_BIND_TEXTDOMAIN_CODESET 1
| #define HAVE_GETTEXT 1
| #define HAVE_DCGETTEXT 1
| #define ENABLE_NLS 1
| #define HAVE_DLFCN_H 1
| /* end confdefs.h.  */
| 
| int
| main ()
| {
| 
|   ;
|   return 0;
| }
configure:10251: g++ -c   conftest.cpp >&5
./configure: line 10252: g++: command not found
configure:10257: $? = 127
configure: failed program was:
| /* confdefs.h.  */
| #define PACKAGE_NAME "sdl-arkanoid"
| #define PACKAGE_TARNAME "sdl-arkanoid"
| #define PACKAGE_VERSION "0.1"
| #define PACKAGE_STRING "sdl-arkanoid 0.1"
| #define PACKAGE_BUGREPORT ""
| #define PACKAGE "sdl-arkanoid"
| #define VERSION "0.1"
| #define STDC_HEADERS 1
| #define GETTEXT_PACKAGE "sdl-arkanoid"
| #define HAVE_SYS_TYPES_H 1
| #define HAVE_SYS_STAT_H 1
| #define HAVE_STDLIB_H 1
| #define HAVE_STRING_H 1
| #define HAVE_MEMORY_H 1
| #define HAVE_STRINGS_H 1
| #define HAVE_INTTYPES_H 1
| #define HAVE_STDINT_H 1
| #define HAVE_UNISTD_H 1
| #define HAVE_LOCALE_H 1
| #define HAVE_LC_MESSAGES 1
| #define HAVE_BIND_TEXTDOMAIN_CODESET 1
| #define HAVE_GETTEXT 1
| #define HAVE_DCGETTEXT 1
| #define ENABLE_NLS 1
| #define HAVE_DLFCN_H 1
| /* end confdefs.h.  */
| 
| int
| main ()
| {
| 
|   ;
|   return 0;
| }
configure:10290: g++ -c -g  conftest.cpp >&5
./configure: line 10291: g++: command not found
configure:10296: $? = 127
configure: failed program was:
| /* confdefs.h.  */
| #define PACKAGE_NAME "sdl-arkanoid"
| #define PACKAGE_TARNAME "sdl-arkanoid"
| #define PACKAGE_VERSION "0.1"
| #define PACKAGE_STRING "sdl-arkanoid 0.1"
| #define PACKAGE_BUGREPORT ""
| #define PACKAGE "sdl-arkanoid"
| #define VERSION "0.1"
| #define STDC_HEADERS 1
| #define GETTEXT_PACKAGE "sdl-arkanoid"
| #define HAVE_SYS_TYPES_H 1
| #define HAVE_SYS_STAT_H 1
| #define HAVE_STDLIB_H 1
| #define HAVE_STRING_H 1
| #define HAVE_MEMORY_H 1
| #define HAVE_STRINGS_H 1
| #define HAVE_INTTYPES_H 1
| #define HAVE_STDINT_H 1
| #define HAVE_UNISTD_H 1
| #define HAVE_LOCALE_H 1
| #define HAVE_LC_MESSAGES 1
| #define HAVE_BIND_TEXTDOMAIN_CODESET 1
| #define HAVE_GETTEXT 1
| #define HAVE_DCGETTEXT 1
| #define ENABLE_NLS 1
| #define HAVE_DLFCN_H 1
| /* end confdefs.h.  */
| 
| int
| main ()
| {
| 
|   ;
|   return 0;
| }
configure:10318: result: no
configure:10343: checking dependency style of g++
configure:10433: result: none
configure:10737: checking for g77
configure:10767: result: no
configure:10737: checking for xlf
configure:10767: result: no
configure:10737: checking for f77
configure:10767: result: no
configure:10737: checking for frt
configure:10767: result: no
configure:10737: checking for pgf77
configure:10767: result: no
configure:10737: checking for cf77
configure:10767: result: no
configure:10737: checking for fort77
configure:10767: result: no
configure:10737: checking for fl32
configure:10767: result: no
configure:10737: checking for af77
configure:10767: result: no
configure:10737: checking for xlf90
configure:10767: result: no
configure:10737: checking for f90
configure:10767: result: no
configure:10737: checking for pgf90
configure:10767: result: no
configure:10737: checking for pghpf
configure:10767: result: no
configure:10737: checking for epcf90
configure:10767: result: no
configure:10737: checking for gfortran
configure:10767: result: no
configure:10737: checking for g95
configure:10767: result: no
configure:10737: checking for xlf95
configure:10767: result: no
configure:10737: checking for f95
configure:10767: result: no
configure:10737: checking for fort
configure:10767: result: no
configure:10737: checking for ifort
configure:10767: result: no
configure:10737: checking for ifc
configure:10767: result: no
configure:10737: checking for efc
configure:10767: result: no
configure:10737: checking for pgf95
configure:10767: result: no
configure:10737: checking for lf95
configure:10767: result: no
configure:10737: checking for ftn
configure:10767: result: no
configure:10794: checking for Fortran 77 compiler version
configure:10801:  --version >&5
./configure: line 10802: --version: command not found
configure:10804: $? = 127
configure:10811:  -v >&5
./configure: line 10812: -v: command not found
configure:10814: $? = 127
configure:10821:  -V >&5
./configure: line 10822: -V: command not found
configure:10824: $? = 127
configure:10832: checking whether we are using the GNU Fortran 77 compiler
configure:10851:  -c  conftest.F >&5
./configure: line 10852: -c: command not found
configure:10857: $? = 127
configure: failed program was:
|       program main
| #ifndef __GNUC__
|        choke me
| #endif
| 
|       end
configure:10874: result: no
configure:10880: checking whether  accepts -g
configure:10897:  -c -g conftest.f >&5
./configure: line 10898: -c: command not found
configure:10903: $? = 127
configure: failed program was:
|       program main
| 
|       end
configure:10919: result: no
configure:10949: checking the maximum length of command line arguments
configure:11061: result: 98304
configure:11073: checking command to parse /usr/bin/nm -B output from gcc object
configure:11178: gcc -c -g -O2  conftest.c >&5
configure:11181: $? = 0
configure:11185: /usr/bin/nm -B conftest.o \| sed -n -e 's/^.*[ 	]\([ABCDGIRSTW][ABCDGIRSTW]*\)[ 	][ 	]*\([_A-Za-z][_A-Za-z0-9]*\)$/\1 \2 \2/p' \> conftest.nm
configure:11188: $? = 0
configure:11240: gcc -o conftest -g -O2   conftest.c conftstm.o >&5
configure:11243: $? = 0
configure:11281: result: ok
configure:11285: checking for objdir
configure:11300: result: .libs
configure:11392: checking for ar
configure:11408: found /usr/bin/ar
configure:11419: result: ar
configure:11488: checking for ranlib
configure:11504: found /usr/bin/ranlib
configure:11515: result: ranlib
configure:11584: checking for strip
configure:11600: found /usr/bin/strip
configure:11611: result: strip
configure:11897: checking if gcc supports -fno-rtti -fno-exceptions
configure:11915: gcc -c -g -O2  -fno-rtti -fno-exceptions conftest.c >&5
cc1: warning: command line option "-fno-rtti" is valid for C++/ObjC++ but not for C
configure:11919: $? = 0
configure:11932: result: no
configure:11947: checking for gcc option to produce PIC
configure:12179: result: -fPIC
configure:12187: checking if gcc PIC flag -fPIC works
configure:12205: gcc -c -g -O2  -fPIC -DPIC conftest.c >&5
configure:12209: $? = 0
configure:12222: result: yes
configure:12250: checking if gcc static flag -static works
configure:12278: result: yes
configure:12288: checking if gcc supports -c -o file.o
configure:12309: gcc -c -g -O2  -o out/conftest2.o conftest.c >&5
configure:12313: $? = 0
configure:12335: result: yes
configure:12361: checking whether the gcc linker (/usr/bin/ld) supports shared libraries
configure:13342: result: yes
configure:13363: checking whether -lc should be explicitly linked in
configure:13368: gcc -c -g -O2  conftest.c >&5
configure:13371: $? = 0
configure:13386: gcc -shared conftest.o  -v -Wl,-soname -Wl,conftest -o conftest 2\>\&1 \| grep  -lc  \>/dev/null 2\>\&1
configure:13389: $? = 0
configure:13401: result: no
configure:13409: checking dynamic linker characteristics
configure:14023: result: GNU/Linux ld.so
configure:14032: checking how to hardcode library paths into programs
configure:14057: result: immediate
configure:14071: checking whether stripping libraries is possible
configure:14076: result: yes
configure:14878: checking if libtool supports shared libraries
configure:14880: result: yes
configure:14883: checking whether to build shared libraries
configure:14904: result: yes
configure:14907: checking whether to build static libraries
configure:14911: result: yes
configure:15004: creating libtool
configure:24277: checking for sdl-config
configure:24295: found /usr/bin/sdl-config
configure:24308: result: /usr/bin/sdl-config
configure:24317: checking for SDL - version >= 1.2.0
configure:24412: gcc -o conftest -g -O2 -I/usr/include/SDL -D_GNU_SOURCE=1 -D_REENTRANT   conftest.c  -L/usr/lib -lSDL >&5
configure:24415: $? = 0
configure:24421: ./conftest
configure:24424: $? = 0
configure:24444: result: yes
configure:24701: creating ./config.status

## ---------------- ##
## Cache variables. ##
## ---------------- ##

ac_cv_build=i686-pc-linux-gnu
ac_cv_c_compiler_gnu=yes
ac_cv_cxx_compiler_gnu=no
ac_cv_env_CCC_set=
ac_cv_env_CCC_value=
ac_cv_env_CC_set=
ac_cv_env_CC_value=
ac_cv_env_CFLAGS_set=
ac_cv_env_CFLAGS_value=
ac_cv_env_CPPFLAGS_set=
ac_cv_env_CPPFLAGS_value=
ac_cv_env_CPP_set=
ac_cv_env_CPP_value=
ac_cv_env_CXXCPP_set=
ac_cv_env_CXXCPP_value=
ac_cv_env_CXXFLAGS_set=
ac_cv_env_CXXFLAGS_value=
ac_cv_env_CXX_set=
ac_cv_env_CXX_value=
ac_cv_env_F77_set=
ac_cv_env_F77_value=
ac_cv_env_FFLAGS_set=
ac_cv_env_FFLAGS_value=
ac_cv_env_LDFLAGS_set=
ac_cv_env_LDFLAGS_value=
ac_cv_env_LIBS_set=
ac_cv_env_LIBS_value=
ac_cv_env_XMKMF_set=
ac_cv_env_XMKMF_value=
ac_cv_env_build_alias_set=
ac_cv_env_build_alias_value=
ac_cv_env_host_alias_set=
ac_cv_env_host_alias_value=
ac_cv_env_target_alias_set=
ac_cv_env_target_alias_value=
ac_cv_f77_compiler_gnu=no
ac_cv_func_bind_textdomain_codeset=yes
ac_cv_func_connect=yes
ac_cv_func_dcgettext=yes
ac_cv_func_gethostbyname=yes
ac_cv_func_remove=yes
ac_cv_func_shmat=yes
ac_cv_have_x='have_x=yes	ac_x_includes='\'''\''	ac_x_libraries='\'''\'''
ac_cv_header_dlfcn_h=yes
ac_cv_header_inttypes_h=yes
ac_cv_header_libintl_h=yes
ac_cv_header_locale_h=yes
ac_cv_header_memory_h=yes
ac_cv_header_stdc=yes
ac_cv_header_stdint_h=yes
ac_cv_header_stdlib_h=yes
ac_cv_header_string_h=yes
ac_cv_header_strings_h=yes
ac_cv_header_sys_stat_h=yes
ac_cv_header_sys_types_h=yes
ac_cv_header_unistd_h=yes
ac_cv_host=i686-pc-linux-gnu
ac_cv_lib_ICE_IceConnectionNumber=no
ac_cv_objext=o
ac_cv_path_EGREP='/bin/grep -E'
ac_cv_path_GMSGFMT=/usr/bin/msgfmt
ac_cv_path_GREP=/bin/grep
ac_cv_path_INTLTOOL_PERL=/usr/bin/perl
ac_cv_path_MSGFMT=/usr/bin/msgfmt
ac_cv_path_SDL_CONFIG=/usr/bin/sdl-config
ac_cv_path_XGETTEXT=/usr/bin/xgettext
ac_cv_path_install='/usr/bin/install -c'
ac_cv_prog_AWK=mawk
ac_cv_prog_CPP='gcc -E'
ac_cv_prog_ac_ct_AR=ar
ac_cv_prog_ac_ct_CC=gcc
ac_cv_prog_ac_ct_RANLIB=ranlib
ac_cv_prog_ac_ct_STRIP=strip
ac_cv_prog_cc_c89=
ac_cv_prog_cc_g=yes
ac_cv_prog_cxx_g=no
ac_cv_prog_f77_g=no
ac_cv_prog_make_make_set=yes
ac_cv_search_strerror='none required'
am_cv_CC_dependencies_compiler_type=gcc3
am_cv_CXX_dependencies_compiler_type=none
am_cv_prog_cc_stdc=
am_cv_val_LC_MESSAGES=yes
gt_cv_func_dgettext_libc=yes
gt_cv_func_dgettext_libintl=no
gt_cv_func_ngettext_libc=yes
gt_cv_have_gettext=yes
lt_cv_deplibs_check_method=pass_all
lt_cv_file_magic_cmd='$MAGIC_CMD'
lt_cv_file_magic_test_file=
lt_cv_ld_reload_flag=-r
lt_cv_objdir=.libs
lt_cv_path_LD=/usr/bin/ld
lt_cv_path_NM='/usr/bin/nm -B'
lt_cv_path_SED=/bin/sed
lt_cv_prog_compiler_c_o=yes
lt_cv_prog_compiler_rtti_exceptions=no
lt_cv_prog_gnu_ld=yes
lt_cv_sys_global_symbol_pipe='sed -n -e '\''s/^.*[ 	]\([ABCDGIRSTW][ABCDGIRSTW]*\)[ 	][ 	]*\([_A-Za-z][_A-Za-z0-9]*\)$/\1 \2 \2/p'\'''
lt_cv_sys_global_symbol_to_c_name_address='sed -n -e '\''s/^: \([^ ]*\) $/  {\"\1\", (lt_ptr) 0},/p'\'' -e '\''s/^[BCDEGRST] \([^ ]*\) \([^ ]*\)$/  {"\2", (lt_ptr) \&\2},/p'\'''
lt_cv_sys_global_symbol_to_cdecl='sed -n -e '\''s/^. .* \(.*\)$/extern int \1;/p'\'''
lt_cv_sys_max_cmd_len=98304
lt_lt_cv_prog_compiler_c_o='"yes"'
lt_lt_cv_sys_global_symbol_pipe='"sed -n -e '\''s/^.*[ 	]\\([ABCDGIRSTW][ABCDGIRSTW]*\\)[ 	][ 	]*\\([_A-Za-z][_A-Za-z0-9]*\\)\$/\\1 \\2 \\2/p'\''"'
lt_lt_cv_sys_global_symbol_to_c_name_address='"sed -n -e '\''s/^: \\([^ ]*\\) \$/  {\\\"\\1\\\", (lt_ptr) 0},/p'\'' -e '\''s/^[BCDEGRST] \\([^ ]*\\) \\([^ ]*\\)\$/  {\"\\2\", (lt_ptr) \\&\\2},/p'\''"'
lt_lt_cv_sys_global_symbol_to_cdecl='"sed -n -e '\''s/^. .* \\(.*\\)\$/extern int \\1;/p'\''"'

## ----------------- ##
## Output variables. ##
## ----------------- ##

ACLOCAL='${SHELL} /home/datenshi33/Projects/sdl-arkanoid/missing --run aclocal-1.9'
ALL_LINGUAS=''
AMDEPBACKSLASH='\'
AMDEP_FALSE='#'
AMDEP_TRUE=''
AMTAR='${SHELL} /home/datenshi33/Projects/sdl-arkanoid/missing --run tar'
AR='ar'
AUTOCONF='${SHELL} /home/datenshi33/Projects/sdl-arkanoid/missing --run autoconf'
AUTOHEADER='${SHELL} /home/datenshi33/Projects/sdl-arkanoid/missing --run autoheader'
AUTOMAKE='${SHELL} /home/datenshi33/Projects/sdl-arkanoid/missing --run automake-1.9'
AWK='mawk'
CATALOGS=''
CATOBJEXT='.gmo'
CC='gcc'
CCDEPMODE='depmode=gcc3'
CFLAGS='-g -O2 -I/usr/include/SDL -D_GNU_SOURCE=1 -D_REENTRANT'
CPP='gcc -E'
CPPFLAGS=' -I/usr/include/SDL -D_GNU_SOURCE=1 -D_REENTRANT'
CXX='g++'
CXXCPP=''
CXXDEPMODE='depmode=none'
CXXFLAGS=' -I/usr/include/SDL -D_GNU_SOURCE=1 -D_REENTRANT'
CYGPATH_W='echo'
DATADIRNAME='share'
DEFS='-DHAVE_CONFIG_H'
DEPDIR='.deps'
ECHO='echo'
ECHO_C=''
ECHO_N='-n'
ECHO_T=''
EGREP='/bin/grep -E'
EXEEXT=''
F77=''
FFLAGS=''
GETTEXT_PACKAGE='sdl-arkanoid'
GMOFILES=''
GMSGFMT='/usr/bin/msgfmt'
GREP='/bin/grep'
INSTALL_DATA='${INSTALL} -m 644'
INSTALL_PROGRAM='${INSTALL}'
INSTALL_SCRIPT='${INSTALL}'
INSTALL_STRIP_PROGRAM='${SHELL} $(install_sh) -c -s'
INSTOBJEXT='.mo'
INTLLIBS=''
INTLTOOL_CAVES_RULE='%.caves:     %.caves.in     $(INTLTOOL_MERGE) $(wildcard $(top_srcdir)/po/*.po) ; LC_ALL=C $(INTLTOOL_MERGE) -d -u -c $(top_builddir)/po/.intltool-merge-cache $(top_srcdir)/po $< $@'
INTLTOOL_DESKTOP_RULE='%.desktop:   %.desktop.in   $(INTLTOOL_MERGE) $(wildcard $(top_srcdir)/po/*.po) ; LC_ALL=C $(INTLTOOL_MERGE) -d -u -c $(top_builddir)/po/.intltool-merge-cache $(top_srcdir)/po $< $@'
INTLTOOL_DIRECTORY_RULE='%.directory: %.directory.in $(INTLTOOL_MERGE) $(wildcard $(top_srcdir)/po/*.po) ; LC_ALL=C $(INTLTOOL_MERGE) -d -u -c $(top_builddir)/po/.intltool-merge-cache $(top_srcdir)/po $< $@'
INTLTOOL_EXTRACT='$(top_builddir)/intltool-extract'
INTLTOOL_KBD_RULE='%.kbd:       %.kbd.in       $(INTLTOOL_MERGE) $(wildcard $(top_srcdir)/po/*.po) ; LC_ALL=C $(INTLTOOL_MERGE) -x -u -m -c $(top_builddir)/po/.intltool-merge-cache $(top_srcdir)/po $< $@'
INTLTOOL_KEYS_RULE='%.keys:      %.keys.in      $(INTLTOOL_MERGE) $(wildcard $(top_srcdir)/po/*.po) ; LC_ALL=C $(INTLTOOL_MERGE) -k -u -c $(top_builddir)/po/.intltool-merge-cache $(top_srcdir)/po $< $@'
INTLTOOL_MERGE='$(top_builddir)/intltool-merge'
INTLTOOL_OAF_RULE='%.oaf:       %.oaf.in       $(INTLTOOL_MERGE) $(wildcard $(top_srcdir)/po/*.po) ; LC_ALL=C $(INTLTOOL_MERGE) -o -p $(top_srcdir)/po $< $@'
INTLTOOL_PERL='/usr/bin/perl'
INTLTOOL_POLICY_RULE='%.policy:    %.policy.in    $(INTLTOOL_MERGE) $(wildcard $(top_srcdir)/po/*.po) ; LC_ALL=C $(INTLTOOL_MERGE) -x -u -c $(top_builddir)/po/.intltool-merge-cache $(top_srcdir)/po $< $@'
INTLTOOL_PONG_RULE='%.pong:      %.pong.in      $(INTLTOOL_MERGE) $(wildcard $(top_srcdir)/po/*.po) ; LC_ALL=C $(INTLTOOL_MERGE) -x -u -c $(top_builddir)/po/.intltool-merge-cache $(top_srcdir)/po $< $@'
INTLTOOL_PROP_RULE='%.prop:      %.prop.in      $(INTLTOOL_MERGE) $(wildcard $(top_srcdir)/po/*.po) ; LC_ALL=C $(INTLTOOL_MERGE) -d -u -c $(top_builddir)/po/.intltool-merge-cache $(top_srcdir)/po $< $@'
INTLTOOL_SCHEMAS_RULE='%.schemas:   %.schemas.in   $(INTLTOOL_MERGE) $(wildcard $(top_srcdir)/po/*.po) ; LC_ALL=C $(INTLTOOL_MERGE) -s -u -c $(top_builddir)/po/.intltool-merge-cache $(top_srcdir)/po $< $@'
INTLTOOL_SERVER_RULE='%.server:    %.server.in    $(INTLTOOL_MERGE) $(wildcard $(top_srcdir)/po/*.po) ; LC_ALL=C $(INTLTOOL_MERGE) -o -u -c $(top_builddir)/po/.intltool-merge-cache $(top_srcdir)/po $< $@'
INTLTOOL_SERVICE_RULE='%.service: %.service.in   $(INTLTOOL_MERGE) $(wildcard $(top_srcdir)/po/*.po) ; LC_ALL=C $(INTLTOOL_MERGE) -d -u -c $(top_builddir)/po/.intltool-merge-cache $(top_srcdir)/po $< $@'
INTLTOOL_SHEET_RULE='%.sheet:     %.sheet.in     $(INTLTOOL_MERGE) $(wildcard $(top_srcdir)/po/*.po) ; LC_ALL=C $(INTLTOOL_MERGE) -x -u -c $(top_builddir)/po/.intltool-merge-cache $(top_srcdir)/po $< $@'
INTLTOOL_SOUNDLIST_RULE='%.soundlist: %.soundlist.in $(INTLTOOL_MERGE) $(wildcard $(top_srcdir)/po/*.po) ; LC_ALL=C $(INTLTOOL_MERGE) -d -u -c $(top_builddir)/po/.intltool-merge-cache $(top_srcdir)/po $< $@'
INTLTOOL_THEME_RULE='%.theme:     %.theme.in     $(INTLTOOL_MERGE) $(wildcard $(top_srcdir)/po/*.po) ; LC_ALL=C $(INTLTOOL_MERGE) -d -u -c $(top_builddir)/po/.intltool-merge-cache $(top_srcdir)/po $< $@'
INTLTOOL_UI_RULE='%.ui:        %.ui.in        $(INTLTOOL_MERGE) $(wildcard $(top_srcdir)/po/*.po) ; LC_ALL=C $(INTLTOOL_MERGE) -x -u -c $(top_builddir)/po/.intltool-merge-cache $(top_srcdir)/po $< $@'
INTLTOOL_UPDATE='$(top_builddir)/intltool-update'
INTLTOOL_XAM_RULE='%.xam:       %.xml.in       $(INTLTOOL_MERGE) $(wildcard $(top_srcdir)/po/*.po) ; LC_ALL=C $(INTLTOOL_MERGE) -x -u -c $(top_builddir)/po/.intltool-merge-cache $(top_srcdir)/po $< $@'
INTLTOOL_XML_NOMERGE_RULE='%.xml:       %.xml.in       $(INTLTOOL_MERGE) ; LC_ALL=C $(INTLTOOL_MERGE) -x -u /tmp $< $@'
INTLTOOL_XML_RULE='%.xml:       %.xml.in       $(INTLTOOL_MERGE) $(wildcard $(top_srcdir)/po/*.po) ; LC_ALL=C $(INTLTOOL_MERGE) -x -u -c $(top_builddir)/po/.intltool-merge-cache $(top_srcdir)/po $< $@'
LDFLAGS=''
LIBOBJS=''
LIBS=' -L/usr/lib -lSDL'
LIBTOOL='$(SHELL) $(top_builddir)/libtool'
LN_S='ln -s'
LTLIBOBJS=''
MAINT=''
MAINTAINER_MODE_FALSE='#'
MAINTAINER_MODE_TRUE=''
MAKEINFO='${SHELL} /home/datenshi33/Projects/sdl-arkanoid/missing --run makeinfo'
MKINSTALLDIRS='./mkinstalldirs'
MSGFMT='/usr/bin/msgfmt'
MSGFMT_OPTS='-c'
OBJEXT='o'
PACKAGE='sdl-arkanoid'
PACKAGE_BUGREPORT=''
PACKAGE_NAME='sdl-arkanoid'
PACKAGE_STRING='sdl-arkanoid 0.1'
PACKAGE_TARNAME='sdl-arkanoid'
PACKAGE_VERSION='0.1'
PATH_SEPARATOR=':'
POFILES=''
POSUB='po'
PO_IN_DATADIR_FALSE=''
PO_IN_DATADIR_TRUE=''
RANLIB='ranlib'
SDL_CFLAGS='-I/usr/include/SDL -D_GNU_SOURCE=1 -D_REENTRANT'
SDL_CONFIG='/usr/bin/sdl-config'
SDL_LIBS='-L/usr/lib -lSDL'
SED='/bin/sed'
SET_MAKE=''
SHELL='/bin/bash'
STRIP='strip'
USE_NLS='yes'
VERSION='0.1'
XGETTEXT='/usr/bin/xgettext'
XMKMF=''
X_CFLAGS=''
X_EXTRA_LIBS=''
X_LIBS=''
X_PRE_LIBS=''
ac_ct_CC='gcc'
ac_ct_CXX=''
ac_ct_F77=''
am__fastdepCC_FALSE='#'
am__fastdepCC_TRUE=''
am__fastdepCXX_FALSE=''
am__fastdepCXX_TRUE='#'
am__include='include'
am__leading_dot='.'
am__quote=''
am__tar='${AMTAR} chof - "$$tardir"'
am__untar='${AMTAR} xf -'
bindir='${exec_prefix}/bin'
build='i686-pc-linux-gnu'
build_alias=''
build_cpu='i686'
build_os='linux-gnu'
build_vendor='pc'
datadir='${datarootdir}'
datarootdir='${prefix}/share'
docdir='${datarootdir}/doc/${PACKAGE_TARNAME}'
dvidir='${docdir}'
exec_prefix='${prefix}'
host='i686-pc-linux-gnu'
host_alias=''
host_cpu='i686'
host_os='linux-gnu'
host_vendor='pc'
htmldir='${docdir}'
includedir='${prefix}/include'
infodir='${datarootdir}/info'
install_sh='/home/datenshi33/Projects/sdl-arkanoid/install-sh'
libdir='${exec_prefix}/lib'
libexecdir='${exec_prefix}/libexec'
localedir='${datarootdir}/locale'
localstatedir='${prefix}/var'
mandir='${datarootdir}/man'
mkdir_p='mkdir -p --'
oldincludedir='/usr/include'
pdfdir='${docdir}'
prefix='/usr/local'
program_transform_name='s,x,x,'
psdir='${docdir}'
sbindir='${exec_prefix}/sbin'
sharedstatedir='${prefix}/com'
sysconfdir='${prefix}/etc'
target_alias=''

## ----------- ##
## confdefs.h. ##
## ----------- ##

#define PACKAGE_NAME "sdl-arkanoid"
#define PACKAGE_TARNAME "sdl-arkanoid"
#define PACKAGE_VERSION "0.1"
#define PACKAGE_STRING "sdl-arkanoid 0.1"
#define PACKAGE_BUGREPORT ""
#define PACKAGE "sdl-arkanoid"
#define VERSION "0.1"
#define STDC_HEADERS 1
#define GETTEXT_PACKAGE "sdl-arkanoid"
#define HAVE_SYS_TYPES_H 1
#define HAVE_SYS_STAT_H 1
#define HAVE_STDLIB_H 1
#define HAVE_STRING_H 1
#define HAVE_MEMORY_H 1
#define HAVE_STRINGS_H 1
#define HAVE_INTTYPES_H 1
#define HAVE_STDINT_H 1
#define HAVE_UNISTD_H 1
#define HAVE_LOCALE_H 1
#define HAVE_LC_MESSAGES 1
#define HAVE_BIND_TEXTDOMAIN_CODESET 1
#define HAVE_GETTEXT 1
#define HAVE_DCGETTEXT 1
#define ENABLE_NLS 1
#define HAVE_DLFCN_H 1

configure: exit 0

## ---------------------- ##
## Running config.status. ##
## ---------------------- ##

This file was extended by sdl-arkanoid config.status 0.1, which was
generated by GNU Autoconf 2.61.  Invocation command line was

  CONFIG_FILES    = 
  CONFIG_HEADERS  = 
  CONFIG_LINKS    = 
  CONFIG_COMMANDS = 
  $ ./config.status 

on shad

config.status:722: creating Makefile
config.status:722: creating src/Makefile
config.status:722: creating po/Makefile.in
config.status:722: creating lib/Makefile
config.status:722: creating config.h
config.status:950: config.h is unchanged
config.status:996: executing depfiles commands
config.status:996: executing default-1 commands
config.status:996: executing intltool commands
config.status:996: executing po/stamp-it commands
