dossier /:
Desktop.ini
index.html
dossier /Marrants:
dossier /Marrants/2 Min Du Spitt:
2mindespitt.wav
2mindespitt2.wav
2mindespittintro.wav
Avion.mp3
Belly Laugh.wav
Break-trip-fall.wav
Flush.wav
Générique 2 min du peuple.mp3
Générique-fin 2 min du peuple.mp3
HOLYGRENADE.WAV
Les 2 Min Du Spitt.mp3
Les 2 minutes du Spitt v1.mp3
Les 2 minutes du Spitt v2.mp3
Mouches1.mp3
Mouches2.mp3
Outro.mp3
Sarcastic.wav
Spitt_boulay.mp3
2 Min Du Spitt
Epervier
La communaute de mes fesses
Naheulbeuk
Survivaure
Marrants
Thumbs.db
Upload
